2012/04/11 08:03:27 [error] [system.db.CDbCommand] CDbCommand::execute() failed: SQLSTATE[21S01]: Insert value list does not match column list: 1136 Column count doesn't match value count at row 1. The SQL statement executed was: INSERT INTO tbl_action(user_id, action_id, action,name_action, link, create_time, update_time)
                VALUES (:UserId, :UserId, :Action,:Name_Action :Link,:Time,:Time).
in D:\xampp\htdocs\Yii_FrameWord\next-event\protected\models\Action.php (118)
in D:\xampp\htdocs\Yii_FrameWord\next-event\protected\controllers\SiteController.php (93)
in D:\xampp\htdocs\Yii_FrameWord\next-event\index.php (13)
2012/04/11 08:03:27 [error] [exception.CDbException] exception 'CDbException' with message 'CDbCommand failed to execute the SQL statement: SQLSTATE[21S01]: Insert value list does not match column list: 1136 Column count doesn't match value count at row 1. The SQL statement executed was: INSERT INTO tbl_action(user_id, action_id, action,name_action, link, create_time, update_time)
                VALUES (:UserId, :UserId, :Action,:Name_Action :Link,:Time,:Time)' in D:\xampp\htdocs\Yii_FrameWord\next-event\framework\db\CDbCommand.php:354
Stack trace:
#0 D:\xampp\htdocs\Yii_FrameWord\next-event\protected\models\Action.php(118): CDbCommand->execute()
#1 D:\xampp\htdocs\Yii_FrameWord\next-event\protected\controllers\SiteController.php(93): Action->issertAction('1', '1', 'Ch?o m?ng', 'Da tham gia nex...', 'http://localhos...')
#2 D:\xampp\htdocs\Yii_FrameWord\next-event\framework\web\actions\CInlineAction.php(50): SiteController->actionLogin()
#3 D:\xampp\htdocs\Yii_FrameWord\next-event\framework\web\CController.php(309): CInlineAction->runWithParams(Array)
#4 D:\xampp\htdocs\Yii_FrameWord\next-event\framework\web\CController.php(287): CController->runAction(Object(CInlineAction))
#5 D:\xampp\htdocs\Yii_FrameWord\next-event\framework\web\CController.php(266): CController->runActionWithFilters(Object(CInlineAction), Array)
#6 D:\xampp\htdocs\Yii_FrameWord\next-event\framework\web\CWebApplication.php(276): CController->run('login')
#7 D:\xampp\htdocs\Yii_FrameWord\next-event\framework\web\CWebApplication.php(135): CWebApplication->runController('site/login')
#8 D:\xampp\htdocs\Yii_FrameWord\next-event\framework\base\CApplication.php(162): CWebApplication->processRequest()
#9 D:\xampp\htdocs\Yii_FrameWord\next-event\index.php(13): CApplication->run()
#10 {main}
REQUEST_URI=/Yii_FrameWord/next-event/index.php?r=site/login
HTTP_REFERER=http://localhost/Yii_FrameWord/next-event/index.php?r=site/login
---
2012/04/11 09:05:10 [error] [exception.CHttpException.400] exception 'CHttpException' with message 'Your request is invalid.' in D:\xampp\htdocs\Yii_FrameWord\next-event\framework\web\CController.php:337
Stack trace:
#0 D:\xampp\htdocs\Yii_FrameWord\next-event\framework\web\CController.php(310): CController->invalidActionParams(Object(CInlineAction))
#1 D:\xampp\htdocs\Yii_FrameWord\next-event\framework\web\filters\CFilterChain.php(134): CController->runAction(Object(CInlineAction))
#2 D:\xampp\htdocs\Yii_FrameWord\next-event\framework\web\filters\CFilter.php(41): CFilterChain->run()
#3 D:\xampp\htdocs\Yii_FrameWord\next-event\framework\web\CController.php(1146): CFilter->filter(Object(CFilterChain))
#4 D:\xampp\htdocs\Yii_FrameWord\next-event\framework\web\filters\CInlineFilter.php(59): CController->filterAccessControl(Object(CFilterChain))
#5 D:\xampp\htdocs\Yii_FrameWord\next-event\framework\web\filters\CFilterChain.php(131): CInlineFilter->filter(Object(CFilterChain))
#6 D:\xampp\htdocs\Yii_FrameWord\next-event\framework\web\CController.php(292): CFilterChain->run()
#7 D:\xampp\htdocs\Yii_FrameWord\next-event\framework\web\CController.php(266): CController->runActionWithFilters(Object(CInlineAction), Array)
#8 D:\xampp\htdocs\Yii_FrameWord\next-event\framework\web\CWebApplication.php(276): CController->run('displayprofile')
#9 D:\xampp\htdocs\Yii_FrameWord\next-event\framework\web\CWebApplication.php(135): CWebApplication->runController('userprofiles/di...')
#10 D:\xampp\htdocs\Yii_FrameWord\next-event\framework\base\CApplication.php(162): CWebApplication->processRequest()
#11 D:\xampp\htdocs\Yii_FrameWord\next-event\index.php(13): CApplication->run()
#12 {main}
REQUEST_URI=/Yii_FrameWord/next-event/index.php?r=userprofiles/displayprofile
HTTP_REFERER=http://localhost/Yii_FrameWord/next-event/index.php?r=userprofiles/index
---
2012/04/11 09:11:48 [error] [exception.CException] exception 'CException' with message 'Property "Userprofiles.id" is not defined.' in D:\xampp\htdocs\Yii_FrameWord\next-event\framework\base\CComponent.php:131
Stack trace:
#0 D:\xampp\htdocs\Yii_FrameWord\next-event\framework\db\ar\CActiveRecord.php(144): CComponent->__get('id')
#1 D:\xampp\htdocs\Yii_FrameWord\next-event\protected\controllers\UserprofilesController.php(115): CActiveRecord->__get('id')
#2 D:\xampp\htdocs\Yii_FrameWord\next-event\framework\web\actions\CInlineAction.php(50): UserprofilesController->actionUpdate()
#3 D:\xampp\htdocs\Yii_FrameWord\next-event\framework\web\CController.php(309): CInlineAction->runWithParams(Array)
#4 D:\xampp\htdocs\Yii_FrameWord\next-event\framework\web\filters\CFilterChain.php(134): CController->runAction(Object(CInlineAction))
#5 D:\xampp\htdocs\Yii_FrameWord\next-event\framework\web\filters\CFilter.php(41): CFilterChain->run()
#6 D:\xampp\htdocs\Yii_FrameWord\next-event\framework\web\CController.php(1146): CFilter->filter(Object(CFilterChain))
#7 D:\xampp\htdocs\Yii_FrameWord\next-event\framework\web\filters\CInlineFilter.php(59): CController->filterAccessControl(Object(CFilterChain))
#8 D:\xampp\htdocs\Yii_FrameWord\next-event\framework\web\filters\CFilterChain.php(131): CInlineFilter->filter(Object(CFilterChain))
#9 D:\xampp\htdocs\Yii_FrameWord\next-event\framework\web\CController.php(292): CFilterChain->run()
#10 D:\xampp\htdocs\Yii_FrameWord\next-event\framework\web\CController.php(266): CController->runActionWithFilters(Object(CInlineAction), Array)
#11 D:\xampp\htdocs\Yii_FrameWord\next-event\framework\web\CWebApplication.php(276): CController->run('update')
#12 D:\xampp\htdocs\Yii_FrameWord\next-event\framework\web\CWebApplication.php(135): CWebApplication->runController('userprofiles/up...')
#13 D:\xampp\htdocs\Yii_FrameWord\next-event\framework\base\CApplication.php(162): CWebApplication->processRequest()
#14 D:\xampp\htdocs\Yii_FrameWord\next-event\index.php(13): CApplication->run()
#15 {main}
REQUEST_URI=/Yii_FrameWord/next-event/index.php?r=userprofiles/update&id=2
HTTP_REFERER=http://localhost/Yii_FrameWord/next-event/index.php?r=userprofiles/update&id=2
---
2012/04/11 09:12:56 [error] [exception.CException] exception 'CException' with message 'Property "Userprofiles.name" is not defined.' in D:\xampp\htdocs\Yii_FrameWord\next-event\framework\base\CComponent.php:131
Stack trace:
#0 D:\xampp\htdocs\Yii_FrameWord\next-event\framework\db\ar\CActiveRecord.php(144): CComponent->__get('name')
#1 D:\xampp\htdocs\Yii_FrameWord\next-event\protected\controllers\UserprofilesController.php(116): CActiveRecord->__get('name')
#2 D:\xampp\htdocs\Yii_FrameWord\next-event\framework\web\actions\CInlineAction.php(50): UserprofilesController->actionUpdate()
#3 D:\xampp\htdocs\Yii_FrameWord\next-event\framework\web\CController.php(309): CInlineAction->runWithParams(Array)
#4 D:\xampp\htdocs\Yii_FrameWord\next-event\framework\web\filters\CFilterChain.php(134): CController->runAction(Object(CInlineAction))
#5 D:\xampp\htdocs\Yii_FrameWord\next-event\framework\web\filters\CFilter.php(41): CFilterChain->run()
#6 D:\xampp\htdocs\Yii_FrameWord\next-event\framework\web\CController.php(1146): CFilter->filter(Object(CFilterChain))
#7 D:\xampp\htdocs\Yii_FrameWord\next-event\framework\web\filters\CInlineFilter.php(59): CController->filterAccessControl(Object(CFilterChain))
#8 D:\xampp\htdocs\Yii_FrameWord\next-event\framework\web\filters\CFilterChain.php(131): CInlineFilter->filter(Object(CFilterChain))
#9 D:\xampp\htdocs\Yii_FrameWord\next-event\framework\web\CController.php(292): CFilterChain->run()
#10 D:\xampp\htdocs\Yii_FrameWord\next-event\framework\web\CController.php(266): CController->runActionWithFilters(Object(CInlineAction), Array)
#11 D:\xampp\htdocs\Yii_FrameWord\next-event\framework\web\CWebApplication.php(276): CController->run('update')
#12 D:\xampp\htdocs\Yii_FrameWord\next-event\framework\web\CWebApplication.php(135): CWebApplication->runController('userprofiles/up...')
#13 D:\xampp\htdocs\Yii_FrameWord\next-event\framework\base\CApplication.php(162): CWebApplication->processRequest()
#14 D:\xampp\htdocs\Yii_FrameWord\next-event\index.php(13): CApplication->run()
#15 {main}
REQUEST_URI=/Yii_FrameWord/next-event/index.php?r=userprofiles/update&id=2
HTTP_REFERER=http://localhost/Yii_FrameWord/next-event/index.php?r=userprofiles/update&id=2
---
2012/04/11 09:14:25 [error] [exception.CException] exception 'CException' with message 'Property "Userprofiles.id" is not defined.' in D:\xampp\htdocs\Yii_FrameWord\next-event\framework\base\CComponent.php:131
Stack trace:
#0 D:\xampp\htdocs\Yii_FrameWord\next-event\framework\db\ar\CActiveRecord.php(144): CComponent->__get('id')
#1 D:\xampp\htdocs\Yii_FrameWord\next-event\protected\controllers\UserprofilesController.php(84): CActiveRecord->__get('id')
#2 D:\xampp\htdocs\Yii_FrameWord\next-event\framework\web\actions\CInlineAction.php(50): UserprofilesController->actionAvatar()
#3 D:\xampp\htdocs\Yii_FrameWord\next-event\framework\web\CController.php(309): CInlineAction->runWithParams(Array)
#4 D:\xampp\htdocs\Yii_FrameWord\next-event\framework\web\filters\CFilterChain.php(134): CController->runAction(Object(CInlineAction))
#5 D:\xampp\htdocs\Yii_FrameWord\next-event\framework\web\filters\CFilter.php(41): CFilterChain->run()
#6 D:\xampp\htdocs\Yii_FrameWord\next-event\framework\web\CController.php(1146): CFilter->filter(Object(CFilterChain))
#7 D:\xampp\htdocs\Yii_FrameWord\next-event\framework\web\filters\CInlineFilter.php(59): CController->filterAccessControl(Object(CFilterChain))
#8 D:\xampp\htdocs\Yii_FrameWord\next-event\framework\web\filters\CFilterChain.php(131): CInlineFilter->filter(Object(CFilterChain))
#9 D:\xampp\htdocs\Yii_FrameWord\next-event\framework\web\CController.php(292): CFilterChain->run()
#10 D:\xampp\htdocs\Yii_FrameWord\next-event\framework\web\CController.php(266): CController->runActionWithFilters(Object(CInlineAction), Array)
#11 D:\xampp\htdocs\Yii_FrameWord\next-event\framework\web\CWebApplication.php(276): CController->run('avatar')
#12 D:\xampp\htdocs\Yii_FrameWord\next-event\framework\web\CWebApplication.php(135): CWebApplication->runController('userprofiles/av...')
#13 D:\xampp\htdocs\Yii_FrameWord\next-event\framework\base\CApplication.php(162): CWebApplication->processRequest()
#14 D:\xampp\htdocs\Yii_FrameWord\next-event\index.php(13): CApplication->run()
#15 {main}
REQUEST_URI=/Yii_FrameWord/next-event/index.php?r=userprofiles/avatar
HTTP_REFERER=http://localhost/Yii_FrameWord/next-event/index.php?r=userprofiles/avatar
---
2012/04/11 09:16:35 [error] [exception.CHttpException.404] exception 'CHttpException' with message 'The requested page does not exist.' in D:\xampp\htdocs\Yii_FrameWord\next-event\protected\controllers\MeController.php:220
Stack trace:
#0 D:\xampp\htdocs\Yii_FrameWord\next-event\protected\controllers\MeController.php(54): MeController->loadModel('7')
#1 [internal function]: MeController->actionView('7')
#2 D:\xampp\htdocs\Yii_FrameWord\next-event\framework\web\actions\CAction.php(107): ReflectionMethod->invokeArgs(Object(MeController), Array)
#3 D:\xampp\htdocs\Yii_FrameWord\next-event\framework\web\actions\CInlineAction.php(48): CAction->runWithParamsInternal(Object(MeController), Object(ReflectionMethod), Array)
#4 D:\xampp\htdocs\Yii_FrameWord\next-event\framework\web\CController.php(309): CInlineAction->runWithParams(Array)
#5 D:\xampp\htdocs\Yii_FrameWord\next-event\framework\web\filters\CFilterChain.php(134): CController->runAction(Object(CInlineAction))
#6 D:\xampp\htdocs\Yii_FrameWord\next-event\framework\web\filters\CFilter.php(41): CFilterChain->run()
#7 D:\xampp\htdocs\Yii_FrameWord\next-event\framework\web\CController.php(1146): CFilter->filter(Object(CFilterChain))
#8 D:\xampp\htdocs\Yii_FrameWord\next-event\framework\web\filters\CInlineFilter.php(59): CController->filterAccessControl(Object(CFilterChain))
#9 D:\xampp\htdocs\Yii_FrameWord\next-event\framework\web\filters\CFilterChain.php(131): CInlineFilter->filter(Object(CFilterChain))
#10 D:\xampp\htdocs\Yii_FrameWord\next-event\framework\web\CController.php(292): CFilterChain->run()
#11 D:\xampp\htdocs\Yii_FrameWord\next-event\framework\web\CController.php(266): CController->runActionWithFilters(Object(CInlineAction), Array)
#12 D:\xampp\htdocs\Yii_FrameWord\next-event\framework\web\CWebApplication.php(276): CController->run('view')
#13 D:\xampp\htdocs\Yii_FrameWord\next-event\framework\web\CWebApplication.php(135): CWebApplication->runController('me/view')
#14 D:\xampp\htdocs\Yii_FrameWord\next-event\framework\base\CApplication.php(162): CWebApplication->processRequest()
#15 D:\xampp\htdocs\Yii_FrameWord\next-event\index.php(13): CApplication->run()
#16 {main}
REQUEST_URI=/Yii_FrameWord/next-event/index.php?r=me/view&id=7
HTTP_REFERER=http://localhost/Yii_FrameWord/next-event/index.php
---
2012/04/11 09:20:51 [error] [php] Undefined variable: model (D:\xampp\htdocs\Yii_FrameWord\next-event\protected\controllers\MeController.php:136)
Stack trace:
#0 D:\xampp\htdocs\Yii_FrameWord\next-event\framework\web\actions\CAction.php(107): ReflectionMethod->invokeArgs()
#1 D:\xampp\htdocs\Yii_FrameWord\next-event\framework\web\actions\CInlineAction.php(48): CInlineAction->runWithParamsInternal()
#2 D:\xampp\htdocs\Yii_FrameWord\next-event\framework\web\CController.php(309): CInlineAction->runWithParams()
#3 D:\xampp\htdocs\Yii_FrameWord\next-event\framework\web\filters\CFilterChain.php(134): MeController->runAction()
#4 D:\xampp\htdocs\Yii_FrameWord\next-event\framework\web\filters\CFilter.php(41): CFilterChain->run()
#5 D:\xampp\htdocs\Yii_FrameWord\next-event\framework\web\CController.php(1146): CAccessControlFilter->filter()
#6 D:\xampp\htdocs\Yii_FrameWord\next-event\framework\web\filters\CInlineFilter.php(59): MeController->filterAccessControl()
#7 D:\xampp\htdocs\Yii_FrameWord\next-event\framework\web\filters\CFilterChain.php(131): CInlineFilter->filter()
#8 D:\xampp\htdocs\Yii_FrameWord\next-event\framework\web\CController.php(292): CFilterChain->run()
#9 D:\xampp\htdocs\Yii_FrameWord\next-event\framework\web\CController.php(266): MeController->runActionWithFilters()
#10 D:\xampp\htdocs\Yii_FrameWord\next-event\framework\web\CWebApplication.php(276): MeController->run()
#11 D:\xampp\htdocs\Yii_FrameWord\next-event\framework\web\CWebApplication.php(135): CWebApplication->runController()
#12 D:\xampp\htdocs\Yii_FrameWord\next-event\framework\base\CApplication.php(162): CWebApplication->processRequest()
#13 D:\xampp\htdocs\Yii_FrameWord\next-event\index.php(13): CWebApplication->run()
REQUEST_URI=/Yii_FrameWord/next-event/index.php?r=me/me&id=7
in D:\xampp\htdocs\Yii_FrameWord\next-event\protected\controllers\MeController.php (136)
in D:\xampp\htdocs\Yii_FrameWord\next-event\protected\controllers\MeController.php (119)
in D:\xampp\htdocs\Yii_FrameWord\next-event\index.php (13)
2012/04/11 09:21:23 [error] [exception.CException] exception 'CException' with message 'Property "Me.id" is not defined.' in D:\xampp\htdocs\Yii_FrameWord\next-event\framework\base\CComponent.php:131
Stack trace:
#0 D:\xampp\htdocs\Yii_FrameWord\next-event\framework\db\ar\CActiveRecord.php(144): CComponent->__get('id')
#1 D:\xampp\htdocs\Yii_FrameWord\next-event\protected\controllers\MeController.php(136): CActiveRecord->__get('id')
#2 D:\xampp\htdocs\Yii_FrameWord\next-event\protected\controllers\MeController.php(119): MeController->per_riengtoi('7')
#3 [internal function]: MeController->actionMe('7')
#4 D:\xampp\htdocs\Yii_FrameWord\next-event\framework\web\actions\CAction.php(107): ReflectionMethod->invokeArgs(Object(MeController), Array)
#5 D:\xampp\htdocs\Yii_FrameWord\next-event\framework\web\actions\CInlineAction.php(48): CAction->runWithParamsInternal(Object(MeController), Object(ReflectionMethod), Array)
#6 D:\xampp\htdocs\Yii_FrameWord\next-event\framework\web\CController.php(309): CInlineAction->runWithParams(Array)
#7 D:\xampp\htdocs\Yii_FrameWord\next-event\framework\web\filters\CFilterChain.php(134): CController->runAction(Object(CInlineAction))
#8 D:\xampp\htdocs\Yii_FrameWord\next-event\framework\web\filters\CFilter.php(41): CFilterChain->run()
#9 D:\xampp\htdocs\Yii_FrameWord\next-event\framework\web\CController.php(1146): CFilter->filter(Object(CFilterChain))
#10 D:\xampp\htdocs\Yii_FrameWord\next-event\framework\web\filters\CInlineFilter.php(59): CController->filterAccessControl(Object(CFilterChain))
#11 D:\xampp\htdocs\Yii_FrameWord\next-event\framework\web\filters\CFilterChain.php(131): CInlineFilter->filter(Object(CFilterChain))
#12 D:\xampp\htdocs\Yii_FrameWord\next-event\framework\web\CController.php(292): CFilterChain->run()
#13 D:\xampp\htdocs\Yii_FrameWord\next-event\framework\web\CController.php(266): CController->runActionWithFilters(Object(CInlineAction), Array)
#14 D:\xampp\htdocs\Yii_FrameWord\next-event\framework\web\CWebApplication.php(276): CController->run('me')
#15 D:\xampp\htdocs\Yii_FrameWord\next-event\framework\web\CWebApplication.php(135): CWebApplication->runController('me/me')
#16 D:\xampp\htdocs\Yii_FrameWord\next-event\framework\base\CApplication.php(162): CWebApplication->processRequest()
#17 D:\xampp\htdocs\Yii_FrameWord\next-event\index.php(13): CApplication->run()
#18 {main}
REQUEST_URI=/Yii_FrameWord/next-event/index.php?r=me/me&id=7
HTTP_REFERER=http://localhost/Yii_FrameWord/next-event/index.php?r=me/me&id=7
---
2012/04/11 09:36:26 [error] [php] Array to string conversion (D:\xampp\htdocs\Yii_FrameWord\next-event\framework\db\CDbCommand.php:277)
Stack trace:
#0 D:\xampp\htdocs\Yii_FrameWord\next-event\protected\views\me\_view.php(58): Action->issertAction()
#1 D:\xampp\htdocs\Yii_FrameWord\next-event\framework\web\CBaseController.php(127): require()
#2 D:\xampp\htdocs\Yii_FrameWord\next-event\framework\web\CBaseController.php(96): MeController->renderInternal()
#3 D:\xampp\htdocs\Yii_FrameWord\next-event\framework\web\CController.php(870): MeController->renderFile()
#4 D:\xampp\htdocs\Yii_FrameWord\next-event\framework\zii\widgets\CListView.php(242): MeController->renderPartial()
#5 D:\xampp\htdocs\Yii_FrameWord\next-event\framework\zii\widgets\CBaseListView.php(158): CListView->renderItems()
#6 unknown(0): CListView->renderSection()
#7 D:\xampp\htdocs\Yii_FrameWord\next-event\framework\zii\widgets\CBaseListView.php(141): preg_replace_callback()
#8 D:\xampp\htdocs\Yii_FrameWord\next-event\framework\zii\widgets\CBaseListView.php(126): CListView->renderContent()
#9 D:\xampp\htdocs\Yii_FrameWord\next-event\framework\web\CBaseController.php(174): CListView->run()
#10 D:\xampp\htdocs\Yii_FrameWord\next-event\protected\views\me\index.php(4): MeController->widget()
#11 D:\xampp\htdocs\Yii_FrameWord\next-event\framework\web\CBaseController.php(127): require()
#12 D:\xampp\htdocs\Yii_FrameWord\next-event\framework\web\CBaseController.php(96): MeController->renderInternal()
#13 D:\xampp\htdocs\Yii_FrameWord\next-event\framework\web\CController.php(870): MeController->renderFile()
#14 D:\xampp\htdocs\Yii_FrameWord\next-event\protected\views\me\me.php(16): MeController->renderPartial()
#15 D:\xampp\htdocs\Yii_FrameWord\next-event\framework\web\CBaseController.php(127): require()
#16 D:\xampp\htdocs\Yii_FrameWord\next-event\framework\web\CBaseController.php(96): MeController->renderInternal()
#17 D:\xampp\htdocs\Yii_FrameWord\next-event\framework\web\CController.php(870): MeController->renderFile()
#18 D:\xampp\htdocs\Yii_FrameWord\next-event\framework\web\CController.php(783): MeController->renderPartial()
#19 D:\xampp\htdocs\Yii_FrameWord\next-event\protected\controllers\MeController.php(200): MeController->render()
#20 D:\xampp\htdocs\Yii_FrameWord\next-event\protected\controllers\MeController.php(185): MeController->per_moinguoi()
#21 D:\xampp\htdocs\Yii_FrameWord\next-event\protected\controllers\MeController.php(122): MeController->per_banbe()
#22 unknown(0): MeController->actionMe()
#23 D:\xampp\htdocs\Yii_FrameWord\next-event\framework\web\actions\CAction.php(107): ReflectionMethod->invokeArgs()
#24 D:\xampp\htdocs\Yii_FrameWord\next-event\framework\web\actions\CInlineAction.php(48): CInlineAction->runWithParamsInternal()
#25 D:\xampp\htdocs\Yii_FrameWord\next-event\framework\web\CController.php(309): CInlineAction->runWithParams()
#26 D:\xampp\htdocs\Yii_FrameWord\next-event\framework\web\filters\CFilterChain.php(134): MeController->runAction()
#27 D:\xampp\htdocs\Yii_FrameWord\next-event\framework\web\filters\CFilter.php(41): CFilterChain->run()
#28 D:\xampp\htdocs\Yii_FrameWord\next-event\framework\web\CController.php(1146): CAccessControlFilter->filter()
#29 D:\xampp\htdocs\Yii_FrameWord\next-event\framework\web\filters\CInlineFilter.php(59): MeController->filterAccessControl()
#30 D:\xampp\htdocs\Yii_FrameWord\next-event\framework\web\filters\CFilterChain.php(131): CInlineFilter->filter()
#31 D:\xampp\htdocs\Yii_FrameWord\next-event\framework\web\CController.php(292): CFilterChain->run()
#32 D:\xampp\htdocs\Yii_FrameWord\next-event\framework\web\CController.php(266): MeController->runActionWithFilters()
#33 D:\xampp\htdocs\Yii_FrameWord\next-event\framework\web\CWebApplication.php(276): MeController->run()
#34 D:\xampp\htdocs\Yii_FrameWord\next-event\framework\web\CWebApplication.php(135): CWebApplication->runController()
#35 D:\xampp\htdocs\Yii_FrameWord\next-event\framework\base\CApplication.php(162): CWebApplication->processRequest()
#36 D:\xampp\htdocs\Yii_FrameWord\next-event\index.php(13): CWebApplication->run()
REQUEST_URI=/Yii_FrameWord/next-event/index.php?r=me/me&id=1
in D:\xampp\htdocs\Yii_FrameWord\next-event\protected\models\Action.php (114)
in D:\xampp\htdocs\Yii_FrameWord\next-event\protected\views\me\_view.php (58)
in D:\xampp\htdocs\Yii_FrameWord\next-event\protected\views\me\index.php (4)
2012/04/11 10:24:58 [error] [exception.CException] exception 'CException' with message 'Alias "application.components.functions" is invalid. Make sure it points to an existing PHP file.' in D:\xampp\htdocs\Yii_FrameWord\next-event\framework\YiiBase.php:318
Stack trace:
#0 D:\xampp\htdocs\Yii_FrameWord\next-event\protected\components\views\ActionEvent.php(2): YiiBase::import('application.com...', true)
#1 D:\xampp\htdocs\Yii_FrameWord\next-event\framework\web\CBaseController.php(131): require('D:\xampp\htdocs...')
#2 D:\xampp\htdocs\Yii_FrameWord\next-event\framework\web\CBaseController.php(96): CBaseController->renderInternal('D:\xampp\htdocs...', Array, false)
#3 D:\xampp\htdocs\Yii_FrameWord\next-event\framework\web\widgets\CWidget.php(244): CBaseController->renderFile('D:\xampp\htdocs...', Array, false)
#4 D:\xampp\htdocs\Yii_FrameWord\next-event\protected\components\ActionEvent.php(13): CWidget->render('ActionEvent', Array)
#5 D:\xampp\htdocs\Yii_FrameWord\next-event\framework\web\CWidgetFactory.php(148): ActionEvent->ActionEvent(Object(SiteController))
#6 D:\xampp\htdocs\Yii_FrameWord\next-event\framework\web\CBaseController.php(147): CWidgetFactory->createWidget(Object(SiteController), 'application.com...', Array)
#7 D:\xampp\htdocs\Yii_FrameWord\next-event\framework\web\CBaseController.php(173): CBaseController->createWidget('application.com...', Array)
#8 D:\xampp\htdocs\Yii_FrameWord\next-event\themes\events\views\layouts\index.php(10): CBaseController->widget('application.com...')
#9 D:\xampp\htdocs\Yii_FrameWord\next-event\framework\web\CBaseController.php(127): require('D:\xampp\htdocs...')
#10 D:\xampp\htdocs\Yii_FrameWord\next-event\framework\web\CBaseController.php(96): CBaseController->renderInternal('D:\xampp\htdocs...', Array, true)
#11 D:\xampp\htdocs\Yii_FrameWord\next-event\framework\web\CController.php(785): CBaseController->renderFile('D:\xampp\htdocs...', Array, true)
#12 D:\xampp\htdocs\Yii_FrameWord\next-event\protected\controllers\SiteController.php(34): CController->render('index')
#13 D:\xampp\htdocs\Yii_FrameWord\next-event\framework\web\actions\CInlineAction.php(50): SiteController->actionIndex()
#14 D:\xampp\htdocs\Yii_FrameWord\next-event\framework\web\CController.php(309): CInlineAction->runWithParams(Array)
#15 D:\xampp\htdocs\Yii_FrameWord\next-event\framework\web\CController.php(287): CController->runAction(Object(CInlineAction))
#16 D:\xampp\htdocs\Yii_FrameWord\next-event\framework\web\CController.php(266): CController->runActionWithFilters(Object(CInlineAction), Array)
#17 D:\xampp\htdocs\Yii_FrameWord\next-event\framework\web\CWebApplication.php(276): CController->run('index')
#18 D:\xampp\htdocs\Yii_FrameWord\next-event\framework\web\CWebApplication.php(135): CWebApplication->runController('site/index')
#19 D:\xampp\htdocs\Yii_FrameWord\next-event\framework\base\CApplication.php(162): CWebApplication->processRequest()
#20 D:\xampp\htdocs\Yii_FrameWord\next-event\index.php(13): CApplication->run()
#21 {main}
REQUEST_URI=/Yii_FrameWord/next-event/index.php?r=site/index
HTTP_REFERER=http://localhost/Yii_FrameWord/next-event/index.php
---
2012/04/11 10:26:23 [error] [php] Undefined variable: new_string (D:\xampp\htdocs\Yii_FrameWord\next-event\protected\components\functions.php:25)
Stack trace:
#0 D:\xampp\htdocs\Yii_FrameWord\next-event\framework\web\CBaseController.php(96): ActionEvent->renderInternal()
#1 D:\xampp\htdocs\Yii_FrameWord\next-event\framework\web\widgets\CWidget.php(244): ActionEvent->renderFile()
#2 D:\xampp\htdocs\Yii_FrameWord\next-event\protected\components\ActionEvent.php(13): ActionEvent->render()
#3 D:\xampp\htdocs\Yii_FrameWord\next-event\framework\web\CWidgetFactory.php(148): ActionEvent->ActionEvent()
#4 D:\xampp\htdocs\Yii_FrameWord\next-event\framework\web\CBaseController.php(147): CWidgetFactory->createWidget()
#5 D:\xampp\htdocs\Yii_FrameWord\next-event\framework\web\CBaseController.php(173): SiteController->createWidget()
#6 D:\xampp\htdocs\Yii_FrameWord\next-event\themes\events\views\layouts\index.php(10): SiteController->widget()
#7 D:\xampp\htdocs\Yii_FrameWord\next-event\framework\web\CBaseController.php(127): require()
#8 D:\xampp\htdocs\Yii_FrameWord\next-event\framework\web\CBaseController.php(96): SiteController->renderInternal()
#9 D:\xampp\htdocs\Yii_FrameWord\next-event\framework\web\CController.php(785): SiteController->renderFile()
#10 D:\xampp\htdocs\Yii_FrameWord\next-event\protected\controllers\SiteController.php(34): SiteController->render()
#11 D:\xampp\htdocs\Yii_FrameWord\next-event\framework\web\actions\CInlineAction.php(50): SiteController->actionIndex()
#12 D:\xampp\htdocs\Yii_FrameWord\next-event\framework\web\CController.php(309): CInlineAction->runWithParams()
#13 D:\xampp\htdocs\Yii_FrameWord\next-event\framework\web\CController.php(287): SiteController->runAction()
#14 D:\xampp\htdocs\Yii_FrameWord\next-event\framework\web\CController.php(266): SiteController->runActionWithFilters()
#15 D:\xampp\htdocs\Yii_FrameWord\next-event\framework\web\CWebApplication.php(276): SiteController->run()
#16 D:\xampp\htdocs\Yii_FrameWord\next-event\framework\web\CWebApplication.php(135): CWebApplication->runController()
#17 D:\xampp\htdocs\Yii_FrameWord\next-event\framework\base\CApplication.php(162): CWebApplication->processRequest()
#18 D:\xampp\htdocs\Yii_FrameWord\next-event\index.php(13): CWebApplication->run()
REQUEST_URI=/Yii_FrameWord/next-event/index.php?r=site/index
in D:\xampp\htdocs\Yii_FrameWord\next-event\protected\components\functions.php (25)
in D:\xampp\htdocs\Yii_FrameWord\next-event\protected\components\views\ActionEvent.php (17)
in D:\xampp\htdocs\Yii_FrameWord\next-event\protected\components\ActionEvent.php (13)
